<?xml version="1.0" encoding="UTF-8"?>
<!-- Generated by org.testng.reporters.JUnitReportReporter -->
<testsuite hostname="LAPTOP-H04OKNBJ" name="com.crm.qa.testcases.HomePageTest" tests="8" failures="0" timestamp="25 Oct 2020 22:55:17 GMT" time="143.424" errors="1">
  <testcase name="membersButtonClikTest" time="17.246" classname="com.crm.qa.testcases.HomePageTest"/>
  <testcase name="searchBtnLinkTest" time="15.576" classname="com.crm.qa.testcases.HomePageTest"/>
  <testcase name="verifyHomePageTitleTest" time="21.751" classname="com.crm.qa.testcases.HomePageTest">
    <error type="java.lang.AssertionError" message="Forum of PeopleNTech - Index expected:&lt;Forum of PeopleNTech - Index&gt; but was:&lt;Home page title is not correct&gt;">
      <![CDATA[java.lang.AssertionError: Forum of PeopleNTech - Index expected:<Forum of PeopleNTech - Index> but was:<Home page title is not correct>
	at org.testng.AssertJUnit.assertEquals(AssertJUnit.java:101)
	at com.crm.qa.testcases.HomePageTest.verifyHomePageTitleTest(HomePageTest.java:59)
	at sun.reflect.NativeMethodAccessorImpl.invoke0(Native Method)
	at sun.reflect.NativeMethodAccessorImpl.invoke(NativeMethodAccessorImpl.java:62)
	at sun.reflect.DelegatingMethodAccessorImpl.invoke(DelegatingMethodAccessorImpl.java:43)
	at java.lang.reflect.Method.invoke(Method.java:498)
	at org.testng.internal.MethodInvocationHelper.invokeMethod(MethodInvocationHelper.java:80)
	at org.testng.internal.Invoker.invokeMethod(Invoker.java:714)
	at org.testng.internal.Invoker.invokeTestMethod(Invoker.java:901)
	at org.testng.internal.Invoker.invokeTestMethods(Invoker.java:1231)
	at org.testng.internal.TestMethodWorker.invokeTestMethods(TestMethodWorker.java:127)
	at org.testng.internal.TestMethodWorker.run(TestMethodWorker.java:111)
	at org.testng.TestRunner.privateRun(TestRunner.java:767)
	at org.testng.TestRunner.run(TestRunner.java:617)
	at org.testng.SuiteRunner.runTest(SuiteRunner.java:334)
	at org.testng.SuiteRunner.runSequentially(SuiteRunner.java:329)
	at org.testng.SuiteRunner.privateRun(SuiteRunner.java:291)
	at org.testng.SuiteRunner.run(SuiteRunner.java:240)
	at org.testng.SuiteRunnerWorker.runSuite(SuiteRunnerWorker.java:52)
	at org.testng.SuiteRunnerWorker.run(SuiteRunnerWorker.java:86)
	at org.testng.TestNG.runSuitesSequentially(TestNG.java:1198)
	at org.testng.TestNG.runSuitesLocally(TestNG.java:1123)
	at org.testng.TestNG.run(TestNG.java:1031)
	at org.testng.remote.RemoteTestNG.run(RemoteTestNG.java:115)
	at org.testng.remote.RemoteTestNG.initAndRun(RemoteTestNG.java:207)
	at org.testng.remote.RemoteTestNG.main(RemoteTestNG.java:178)
]]>
    </error>
  </testcase> <!-- verifyHomePageTitleTest -->
  <testcase name="clikOnCalendarTest" time="16.344" classname="com.crm.qa.testcases.HomePageTest"/>
  <testcase name="upcomingEventLinkTest" time="15.450" classname="com.crm.qa.testcases.HomePageTest"/>
  <testcase name="myMessageBtnTest" time="14.827" classname="com.crm.qa.testcases.HomePageTest"/>
  <testcase name="verifyUserNameTest" time="14.340" classname="com.crm.qa.testcases.HomePageTest"/>
  <testcase name="profileInformationLinkTest" time="27.890" classname="com.crm.qa.testcases.HomePageTest"/>
</testsuite> <!-- com.crm.qa.testcases.HomePageTest -->
